<?xml version="1.0" encoding="UTF-8"?>
<coverage generated="1617444247387" clover="3.2.0">
  <project timestamp="1617444247387" name="All files">
    <metrics statements="65" coveredstatements="65" conditionals="5" coveredconditionals="5" methods="26" coveredmethods="26" elements="96" coveredelements="96" complexity="0" loc="65" ncloc="65" packages="3" files="5" classes="5"/>
    <package name="mocks.object-mothers">
      <metrics statements="15" coveredstatements="15" conditionals="0" coveredconditionals="0" methods="5" coveredmethods="5"/>
      <file name="blob-storage-client.ts" path="/Users/dvilchez/wks/pandora/mocks/object-mothers/blob-storage-client.ts">
        <metrics statements="6" coveredstatements="6" conditionals="0" coveredconditionals="0" methods="3" coveredmethods="3"/>
        <line num="8" count="2" type="stmt"/>
        <line num="9" count="3" type="stmt"/>
        <line num="14" count="3" type="stmt"/>
        <line num="16" count="3" type="stmt"/>
        <line num="17" count="4" type="stmt"/>
        <line num="21" count="3" type="stmt"/>
      </file>
      <file name="file.ts" path="/Users/dvilchez/wks/pandora/mocks/object-mothers/file.ts">
        <metrics statements="9" coveredstatements="9" conditionals="0" coveredconditionals="0" methods="2" coveredmethods="2"/>
        <line num="1" count="2" type="stmt"/>
        <line num="2" count="2" type="stmt"/>
        <line num="4" count="2" type="stmt"/>
        <line num="5" count="3" type="stmt"/>
        <line num="11" count="2" type="stmt"/>
        <line num="12" count="1" type="stmt"/>
        <line num="16" count="1" type="stmt"/>
        <line num="17" count="1" type="stmt"/>
        <line num="19" count="1" type="stmt"/>
      </file>
    </package>
    <package name="src.file-management">
      <metrics statements="22" coveredstatements="22" conditionals="4" coveredconditionals="4" methods="11" coveredmethods="11"/>
      <file name="model.ts" path="/Users/dvilchez/wks/pandora/src/file-management/model.ts">
        <metrics statements="10" coveredstatements="10" conditionals="0" coveredconditionals="0" methods="5" coveredmethods="5"/>
        <line num="1" count="3" type="stmt"/>
        <line num="9" count="3" type="stmt"/>
        <line num="10" count="6" type="stmt"/>
        <line num="12" count="3" type="stmt"/>
        <line num="13" count="4" type="stmt"/>
        <line num="16" count="3" type="stmt"/>
        <line num="17" count="2" type="stmt"/>
        <line num="19" count="3" type="stmt"/>
        <line num="21" count="3" type="stmt"/>
        <line num="22" count="3" type="stmt"/>
      </file>
      <file name="usecases.ts" path="/Users/dvilchez/wks/pandora/src/file-management/usecases.ts">
        <metrics statements="12" coveredstatements="12" conditionals="4" coveredconditionals="4" methods="6" coveredmethods="6"/>
        <line num="1" count="2" type="stmt"/>
        <line num="3" count="2" type="stmt"/>
        <line num="4" count="3" type="stmt"/>
        <line num="6" count="2" type="stmt"/>
        <line num="7" count="3" type="stmt"/>
        <line num="8" count="3" type="cond" truecount="2" falsecount="0"/>
        <line num="11" count="2" type="stmt"/>
        <line num="13" count="2" type="stmt"/>
        <line num="14" count="1" type="stmt"/>
        <line num="16" count="2" type="stmt"/>
        <line num="17" count="1" type="cond" truecount="2" falsecount="0"/>
        <line num="19" count="2" type="stmt"/>
      </file>
    </package>
    <package name="src.infrastructure">
      <metrics statements="28" coveredstatements="28" conditionals="1" coveredconditionals="1" methods="10" coveredmethods="10"/>
      <file name="blob-storage-repo.ts" path="/Users/dvilchez/wks/pandora/src/infrastructure/blob-storage-repo.ts">
        <metrics statements="28" coveredstatements="28" conditionals="1" coveredconditionals="1" methods="10" coveredmethods="10"/>
        <line num="1" count="3" type="stmt"/>
        <line num="6" count="3" type="stmt"/>
        <line num="8" count="3" type="stmt"/>
        <line num="12" count="1" type="stmt"/>
        <line num="16" count="1" type="stmt"/>
        <line num="21" count="3" type="stmt"/>
        <line num="25" count="4" type="stmt"/>
        <line num="28" count="3" type="stmt"/>
        <line num="31" count="2" type="stmt"/>
        <line num="32" count="2" type="stmt"/>
        <line num="33" count="2" type="stmt"/>
        <line num="34" count="2" type="stmt"/>
        <line num="36" count="2" type="stmt"/>
        <line num="37" count="2" type="stmt"/>
        <line num="39" count="2" type="stmt"/>
        <line num="43" count="3" type="stmt"/>
        <line num="44" count="4" type="stmt"/>
        <line num="45" count="8" type="stmt"/>
        <line num="47" count="4" type="stmt"/>
        <line num="50" count="3" type="stmt"/>
        <line num="51" count="2" type="stmt"/>
        <line num="52" count="2" type="cond" truecount="1" falsecount="0"/>
        <line num="53" count="2" type="stmt"/>
        <line num="56" count="2" type="stmt"/>
        <line num="59" count="3" type="stmt"/>
        <line num="60" count="1" type="stmt"/>
        <line num="62" count="1" type="stmt"/>
        <line num="64" count="3" type="stmt"/>
      </file>
    </package>
  </project>
</coverage>
