{"/Users/dvilchez/wks/pandora/mocks/object-mothers/blob-storage-client.ts": {"path":"/Users/dvilchez/wks/pandora/mocks/object-mothers/blob-storage-client.ts","statementMap":{"0":{"start":{"line":9,"column":22},"end":{"line":13,"column":35}},"1":{"start":{"line":14,"column":18},"end":{"line":19,"column":37}},"2":{"start":{"line":16,"column":6},"end":{"line":18,"column":null}},"3":{"start":{"line":17,"column":34},"end":{"line":17,"column":null}},"4":{"start":{"line":21,"column":2},"end":{"line":21,"column":32}},"5":{"start":{"line":8,"column":0},"end":{"line":8,"column":16}}},"fnMap":{"0":{"name":"newClient","decl":{"start":{"line":8,"column":16},"end":{"line":8,"column":25}},"loc":{"start":{"line":8,"column":25},"end":{"line":22,"column":1}}},"1":{"name":"(anonymous_1)","decl":{"start":{"line":15,"column":24},"end":{"line":15,"column":null}},"loc":{"start":{"line":15,"column":24},"end":{"line":16,"column":8}}},"2":{"name":"(anonymous_2)","decl":{"start":{"line":17,"column":28},"end":{"line":17,"column":34}},"loc":{"start":{"line":17,"column":28},"end":{"line":17,"column":44}}}},"branchMap":{},"s":{"0":3,"1":3,"2":3,"3":4,"4":3,"5":2},"f":{"0":3,"1":3,"2":4},"b":{}}
,"/Users/dvilchez/wks/pandora/mocks/object-mothers/file.ts": {"path":"/Users/dvilchez/wks/pandora/mocks/object-mothers/file.ts","statementMap":{"0":{"start":{"line":1,"column":0},"end":{"line":1,"column":26}},"1":{"start":{"line":2,"column":0},"end":{"line":2,"column":43}},"2":{"start":{"line":5,"column":2},"end":{"line":8,"column":4}},"3":{"start":{"line":4,"column":0},"end":{"line":4,"column":16}},"4":{"start":{"line":12,"column":33},"end":{"line":15,"column":4}},"5":{"start":{"line":16,"column":2},"end":{"line":16,"column":37}},"6":{"start":{"line":17,"column":2},"end":{"line":17,"column":32}},"7":{"start":{"line":19,"column":2},"end":{"line":19,"column":32}},"8":{"start":{"line":11,"column":0},"end":{"line":11,"column":16}}},"fnMap":{"0":{"name":"newFile","decl":{"start":{"line":4,"column":16},"end":{"line":4,"column":23}},"loc":{"start":{"line":4,"column":23},"end":{"line":9,"column":1}}},"1":{"name":"newReadableStream","decl":{"start":{"line":11,"column":16},"end":{"line":11,"column":33}},"loc":{"start":{"line":11,"column":48},"end":{"line":20,"column":1}}}},"branchMap":{},"s":{"0":2,"1":2,"2":3,"3":2,"4":1,"5":1,"6":1,"7":1,"8":2},"f":{"0":3,"1":1},"b":{}}
,"/Users/dvilchez/wks/pandora/src/file-management/model.ts": {"path":"/Users/dvilchez/wks/pandora/src/file-management/model.ts","statementMap":{"0":{"start":{"line":1,"column":0},"end":{"line":1,"column":28}},"1":{"start":{"line":9,"column":0},"end":{"line":9,"column":13}},"2":{"start":{"line":10,"column":22},"end":{"line":10,"column":32}},"3":{"start":{"line":10,"column":42},"end":{"line":10,"column":57}},"4":{"start":{"line":12,"column":9},"end":{"line":14,"column":null}},"5":{"start":{"line":13,"column":4},"end":{"line":13,"column":19}},"6":{"start":{"line":16,"column":9},"end":{"line":18,"column":null}},"7":{"start":{"line":17,"column":4},"end":{"line":17,"column":24}},"8":{"start":{"line":19,"column":0},"end":{"line":19,"column":null}},"9":{"start":{"line":9,"column":13},"end":{"line":9,"column":21}},"10":{"start":{"line":22,"column":2},"end":{"line":25,"column":22}},"11":{"start":{"line":21,"column":0},"end":{"line":21,"column":16}}},"fnMap":{"0":{"name":"(anonymous_1)","decl":{"start":{"line":9,"column":0},"end":{"line":9,"column":13}},"loc":{"start":{"line":9,"column":0},"end":{"line":19,"column":null}}},"1":{"name":"Document","decl":{"start":{"line":10,"column":2},"end":{"line":10,"column":22}},"loc":{"start":{"line":10,"column":57},"end":{"line":10,"column":61}}},"2":{"name":"(anonymous_3)","decl":{"start":{"line":12,"column":2},"end":{"line":12,"column":9}},"loc":{"start":{"line":12,"column":2},"end":{"line":14,"column":3}}},"3":{"name":"(anonymous_4)","decl":{"start":{"line":16,"column":2},"end":{"line":16,"column":9}},"loc":{"start":{"line":16,"column":2},"end":{"line":18,"column":3}}},"4":{"name":"genRandomString","decl":{"start":{"line":21,"column":16},"end":{"line":21,"column":31}},"loc":{"start":{"line":21,"column":46},"end":{"line":26,"column":1}}}},"branchMap":{},"s":{"0":3,"1":3,"2":6,"3":6,"4":3,"5":4,"6":3,"7":2,"8":3,"9":3,"10":3,"11":3},"f":{"0":3,"1":6,"2":4,"3":2,"4":3},"b":{}}
,"/Users/dvilchez/wks/pandora/src/file-management/usecases.ts": {"path":"/Users/dvilchez/wks/pandora/src/file-management/usecases.ts","statementMap":{"0":{"start":{"line":1,"column":0},"end":{"line":1,"column":53}},"1":{"start":{"line":3,"column":0},"end":{"line":3,"column":13}},"2":{"start":{"line":4,"column":22},"end":{"line":4,"column":42}},"3":{"start":{"line":4,"column":52},"end":{"line":4,"column":74}},"4":{"start":{"line":6,"column":15},"end":{"line":10,"column":null}},"5":{"start":{"line":8,"column":6},"end":{"line":8,"column":null}},"6":{"start":{"line":7,"column":4},"end":{"line":9,"column":17}},"7":{"start":{"line":11,"column":0},"end":{"line":11,"column":null}},"8":{"start":{"line":3,"column":13},"end":{"line":3,"column":24}},"9":{"start":{"line":13,"column":0},"end":{"line":13,"column":13}},"10":{"start":{"line":14,"column":22},"end":{"line":14,"column":42}},"11":{"start":{"line":16,"column":15},"end":{"line":18,"column":null}},"12":{"start":{"line":17,"column":12},"end":{"line":17,"column":48}},"13":{"start":{"line":17,"column":4},"end":{"line":17,"column":60}},"14":{"start":{"line":19,"column":0},"end":{"line":19,"column":null}},"15":{"start":{"line":13,"column":13},"end":{"line":13,"column":24}}},"fnMap":{"0":{"name":"(anonymous_13)","decl":{"start":{"line":3,"column":0},"end":{"line":3,"column":13}},"loc":{"start":{"line":3,"column":0},"end":{"line":11,"column":null}}},"1":{"name":"AddDocument","decl":{"start":{"line":4,"column":2},"end":{"line":4,"column":22}},"loc":{"start":{"line":4,"column":74},"end":{"line":4,"column":78}}},"2":{"name":"(anonymous_15)","decl":{"start":{"line":6,"column":2},"end":{"line":6,"column":15}},"loc":{"start":{"line":6,"column":37},"end":{"line":10,"column":null}}},"3":{"name":"(anonymous_18)","decl":{"start":{"line":13,"column":0},"end":{"line":13,"column":13}},"loc":{"start":{"line":13,"column":0},"end":{"line":19,"column":null}}},"4":{"name":"GetDocument","decl":{"start":{"line":14,"column":2},"end":{"line":14,"column":22}},"loc":{"start":{"line":14,"column":42},"end":{"line":14,"column":46}}},"5":{"name":"(anonymous_20)","decl":{"start":{"line":16,"column":2},"end":{"line":16,"column":15}},"loc":{"start":{"line":16,"column":36},"end":{"line":18,"column":null}}}},"branchMap":{"0":{"loc":{"start":{"line":8,"column":6},"end":{"line":8,"column":null}},"type":"switch","locations":[{"start":{"line":8,"column":6},"end":{"line":8,"column":null}},{"start":{"line":7,"column":4},"end":{"line":9,"column":17}}]},"1":{"loc":{"start":{"line":17,"column":12},"end":{"line":17,"column":48}},"type":"switch","locations":[{"start":{"line":17,"column":12},"end":{"line":17,"column":48}},{"start":{"line":17,"column":4},"end":{"line":17,"column":60}}]}},"s":{"0":2,"1":2,"2":3,"3":3,"4":2,"5":3,"6":3,"7":2,"8":2,"9":2,"10":1,"11":2,"12":1,"13":1,"14":2,"15":2},"f":{"0":2,"1":3,"2":3,"3":2,"4":1,"5":1},"b":{"0":[3,3],"1":[1,1]}}
,"/Users/dvilchez/wks/pandora/src/infrastructure/blob-storage-repo.ts": {"path":"/Users/dvilchez/wks/pandora/src/infrastructure/blob-storage-repo.ts","statementMap":{"0":{"start":{"line":1,"column":0},"end":{"line":1,"column":null}},"1":{"start":{"line":6,"column":0},"end":{"line":6,"column":63}},"2":{"start":{"line":12,"column":30},"end":{"line":14,"column":null}},"3":{"start":{"line":16,"column":2},"end":{"line":19,"column":4}},"4":{"start":{"line":8,"column":0},"end":{"line":8,"column":16}},"5":{"start":{"line":21,"column":0},"end":{"line":21,"column":13}},"6":{"start":{"line":25,"column":4},"end":{"line":25,"column":68}},"7":{"start":{"line":28,"column":16},"end":{"line":41,"column":null}},"8":{"start":{"line":31,"column":4},"end":{"line":40,"column":7}},"9":{"start":{"line":32,"column":31},"end":{"line":32,"column":33}},"10":{"start":{"line":33,"column":6},"end":{"line":35,"column":9}},"11":{"start":{"line":34,"column":8},"end":{"line":34,"column":26}},"12":{"start":{"line":36,"column":6},"end":{"line":38,"column":9}},"13":{"start":{"line":37,"column":8},"end":{"line":37,"column":39}},"14":{"start":{"line":39,"column":6},"end":{"line":39,"column":41}},"15":{"start":{"line":43,"column":8},"end":{"line":48,"column":null}},"16":{"start":{"line":44,"column":10},"end":{"line":44,"column":72}},"17":{"start":{"line":45,"column":4},"end":{"line":45,"column":70}},"18":{"start":{"line":47,"column":4},"end":{"line":47,"column":37}},"19":{"start":{"line":50,"column":8},"end":{"line":57,"column":null}},"20":{"start":{"line":51,"column":10},"end":{"line":51,"column":72}},"21":{"start":{"line":52,"column":26},"end":{"line":52,"column":null}},"22":{"start":{"line":53,"column":7},"end":{"line":53,"column":41}},"23":{"start":{"line":52,"column":20},"end":{"line":54,"column":null}},"24":{"start":{"line":52,"column":10},"end":{"line":54,"column":null}},"25":{"start":{"line":56,"column":4},"end":{"line":56,"column":37}},"26":{"start":{"line":59,"column":2},"end":{"line":63,"column":null}},"27":{"start":{"line":60,"column":28},"end":{"line":60,"column":71}},"28":{"start":{"line":62,"column":4},"end":{"line":62,"column":36}},"29":{"start":{"line":64,"column":0},"end":{"line":64,"column":null}},"30":{"start":{"line":21,"column":13},"end":{"line":21,"column":24}}},"fnMap":{"0":{"name":"createBlobServiceClient","decl":{"start":{"line":8,"column":16},"end":{"line":8,"column":39}},"loc":{"start":{"line":10,"column":20},"end":{"line":20,"column":1}}},"1":{"name":"(anonymous_14)","decl":{"start":{"line":21,"column":0},"end":{"line":21,"column":13}},"loc":{"start":{"line":21,"column":0},"end":{"line":64,"column":null}}},"2":{"name":"BlobStorage","decl":{"start":{"line":24,"column":2},"end":{"line":24,"column":14}},"loc":{"start":{"line":24,"column":62},"end":{"line":26,"column":3}}},"3":{"name":"(anonymous_16)","decl":{"start":{"line":28,"column":2},"end":{"line":28,"column":16}},"loc":{"start":{"line":29,"column":41},"end":{"line":41,"column":null}}},"4":{"name":"(anonymous_19)","decl":{"start":{"line":31,"column":23},"end":{"line":31,"column":24}},"loc":{"start":{"line":31,"column":39},"end":{"line":40,"column":5}}},"5":{"name":"(anonymous_20)","decl":{"start":{"line":33,"column":32},"end":{"line":33,"column":33}},"loc":{"start":{"line":33,"column":45},"end":{"line":35,"column":7}}},"6":{"name":"(anonymous_21)","decl":{"start":{"line":36,"column":31},"end":{"line":36,"column":null}},"loc":{"start":{"line":36,"column":31},"end":{"line":38,"column":7}}},"7":{"name":"(anonymous_22)","decl":{"start":{"line":43,"column":2},"end":{"line":43,"column":8}},"loc":{"start":{"line":43,"column":39},"end":{"line":48,"column":null}}},"8":{"name":"(anonymous_25)","decl":{"start":{"line":50,"column":2},"end":{"line":50,"column":8}},"loc":{"start":{"line":50,"column":26},"end":{"line":57,"column":null}}},"9":{"name":"(anonymous_28)","decl":{"start":{"line":59,"column":2},"end":{"line":59,"column":8}},"loc":{"start":{"line":59,"column":19},"end":{"line":63,"column":3}}}},"branchMap":{"0":{"loc":{"start":{"line":52,"column":20},"end":{"line":54,"column":null}},"type":"switch","locations":[{"start":{"line":52,"column":20},"end":{"line":54,"column":null}}]}},"s":{"0":3,"1":3,"2":1,"3":1,"4":3,"5":3,"6":4,"7":3,"8":2,"9":2,"10":2,"11":2,"12":2,"13":2,"14":2,"15":3,"16":4,"17":8,"18":4,"19":3,"20":2,"21":2,"22":2,"23":2,"24":2,"25":2,"26":3,"27":1,"28":1,"29":3,"30":3},"f":{"0":1,"1":3,"2":4,"3":2,"4":2,"5":2,"6":2,"7":4,"8":2,"9":1},"b":{"0":[2]}}
}
