TN:
SF:mocks/object-mothers/blob-storage-client.ts
FN:8,newClient
FN:15,(anonymous_1)
FN:17,(anonymous_2)
FNF:3
FNH:3
FNDA:3,newClient
FNDA:3,(anonymous_1)
FNDA:4,(anonymous_2)
DA:8,2
DA:9,3
DA:14,3
DA:16,3
DA:17,4
DA:21,3
LF:6
LH:6
BRF:0
BRH:0
end_of_record
TN:
SF:mocks/object-mothers/file.ts
FN:4,newFile
FN:11,newReadableStream
FNF:2
FNH:2
FNDA:3,newFile
FNDA:1,newReadableStream
DA:1,2
DA:2,2
DA:4,2
DA:5,3
DA:11,2
DA:12,1
DA:16,1
DA:17,1
DA:19,1
LF:9
LH:9
BRF:0
BRH:0
end_of_record
TN:
SF:src/file-management/model.ts
FN:9,(anonymous_1)
FN:10,Document
FN:12,(anonymous_3)
FN:16,(anonymous_4)
FN:21,genRandomString
FNF:5
FNH:5
FNDA:3,(anonymous_1)
FNDA:6,Document
FNDA:4,(anonymous_3)
FNDA:2,(anonymous_4)
FNDA:3,genRandomString
DA:1,3
DA:9,3
DA:10,6
DA:12,3
DA:13,4
DA:16,3
DA:17,2
DA:19,3
DA:21,3
DA:22,3
LF:10
LH:10
BRF:0
BRH:0
end_of_record
TN:
SF:src/file-management/usecases.ts
FN:3,(anonymous_13)
FN:4,AddDocument
FN:6,(anonymous_15)
FN:13,(anonymous_18)
FN:14,GetDocument
FN:16,(anonymous_20)
FNF:6
FNH:6
FNDA:2,(anonymous_13)
FNDA:3,AddDocument
FNDA:3,(anonymous_15)
FNDA:2,(anonymous_18)
FNDA:1,GetDocument
FNDA:1,(anonymous_20)
DA:1,2
DA:3,2
DA:4,3
DA:6,2
DA:7,3
DA:8,3
DA:11,2
DA:13,2
DA:14,1
DA:16,2
DA:17,1
DA:19,2
LF:12
LH:12
BRDA:8,0,0,3
BRDA:8,0,1,3
BRDA:17,1,0,1
BRDA:17,1,1,1
BRF:4
BRH:4
end_of_record
TN:
SF:src/infrastructure/blob-storage-repo.ts
FN:8,createBlobServiceClient
FN:21,(anonymous_14)
FN:24,BlobStorage
FN:28,(anonymous_16)
FN:31,(anonymous_19)
FN:33,(anonymous_20)
FN:36,(anonymous_21)
FN:43,(anonymous_22)
FN:50,(anonymous_25)
FN:59,(anonymous_28)
FNF:10
FNH:10
FNDA:1,createBlobServiceClient
FNDA:3,(anonymous_14)
FNDA:4,BlobStorage
FNDA:2,(anonymous_16)
FNDA:2,(anonymous_19)
FNDA:2,(anonymous_20)
FNDA:2,(anonymous_21)
FNDA:4,(anonymous_22)
FNDA:2,(anonymous_25)
FNDA:1,(anonymous_28)
DA:1,3
DA:6,3
DA:8,3
DA:12,1
DA:16,1
DA:21,3
DA:25,4
DA:28,3
DA:31,2
DA:32,2
DA:33,2
DA:34,2
DA:36,2
DA:37,2
DA:39,2
DA:43,3
DA:44,4
DA:45,8
DA:47,4
DA:50,3
DA:51,2
DA:52,2
DA:53,2
DA:56,2
DA:59,3
DA:60,1
DA:62,1
DA:64,3
LF:28
LH:28
BRDA:52,0,0,2
BRF:1
BRH:1
end_of_record
